[2025-06-05 22:59:58] [INFO] [EmailBot] Starting email processing bot...
[2025-06-05 22:59:58] [ERROR] [EmailBot] Missing Zoho credentials in environment (.env)
[2025-06-05 23:02:20] [INFO] [EmailBot] Starting email processing bot...
[2025-06-05 23:02:45] [INFO] [EmailBot] Starting email processing bot...
[2025-06-05 23:03:19] [INFO] [EmailBot] Starting email processing bot...
[2025-06-05 23:05:39] [INFO] [EmailBot] Starting email processing bot...
[2025-06-05 23:07:41] [INFO] [EmailBot] Starting email processing bot...
[2025-06-05 23:09:08] [INFO] [EmailBot] Starting email processing bot...
[2025-06-05 23:11:36] [INFO] [EmailBot] Starting email processing bot...
[2025-06-05 23:13:10] [INFO] [EmailBot] Starting email processing bot...
[2025-06-05 23:16:21] [INFO] [EmailBot] Starting email processing bot...
[2025-06-05 23:57:15] [INFO] [EmailBot] Starting email processing bot...
[2025-06-06 00:30:17] [INFO] [EmailBot] Starting email processing bot...
[2025-06-06 00:30:18] [ERROR] [EmailBot] Excel validation failed: Duplicate emails found in the Mail column.
[2025-06-06 00:47:27] [INFO] [EmailBot] Starting email processing bot...
[2025-06-06 00:49:13] [INFO] [EmailBot] Starting email processing bot...
[2025-06-06 00:49:14] [WARNING] [EmailBot] Found 192 rows with multiple emails in 'Mail' column. Marked in red.
[2025-06-06 00:49:14] [ERROR] [EmailBot] Excel validation failed: Duplicate emails found in the Mail column.
[2025-06-06 00:53:37] [INFO] [EmailBot] Starting email processing bot...
[2025-06-06 00:53:40] [WARNING] [EmailBot] Found 192 rows with multiple emails in 'Mail' column. Marked in red.
[2025-06-06 00:53:41] [INFO] [EmailBot] Loaded Excel: Mail_USD.xlsx, rows: 8652
[2025-06-06 00:53:52] [INFO] [EmailBot] Connected to IMAP server imappro.zoho.eu
[2025-06-06 00:53:52] [WARNING] [EmailBot] None of the folders ['Sent Items', 'Sent', 'Отправленные', 'Send'] found. Available: ['INBOX', '&BCcENQRABD0EPgQyBDgEOgQ4-', '&BCgEMAQxBDsEPgQ9BEs-', 'Snoozed', '&BB4EQgQ,BEAEMAQyBDsENQQ9BD0ESwQ1-', '&BCEEPwQwBDw-', '&BBoEPgRABDcEOAQ9BDA-', 'Notification', 'Newsletter', 'snovio', 'DMAC']
[2025-06-06 00:53:53] [INFO] [EmailBot] Backup Excel created: Mail_USD_backup_20250606_005353.xlsx
[2025-06-06 00:53:54] [INFO] [EmailBot] === Processing summary ===
[2025-06-06 00:53:54] [INFO] [EmailBot] Total sent emails processed: 0
[2025-06-06 00:53:54] [INFO] [EmailBot] Replies found: 0
[2025-06-06 00:53:54] [INFO] [EmailBot] LM Studio analysis successful: 0
[2025-06-06 00:53:54] [INFO] [EmailBot] Excel updates performed: 0
[2025-06-06 00:53:54] [INFO] [EmailBot] Errors: {'imap': 0, 'lm_studio': 0, 'excel': 0}
[2025-06-06 00:53:54] [INFO] [EmailBot] Bad processing count: 0
[2025-06-06 00:53:54] [INFO] [EmailBot] Elapsed time: 12.95 seconds
