[2025-06-08 08:06:26] Created email index: ['info@webcamsdeasturias.com', 'virgil.munteanu@evz.ro', 'redaccion@panoramacultural.com.co', 'info@worldonline.es', 'webmaster@01webdirectory.com', 'lourdsdiaz19.87@gmail.com', 'concursos@frcu.utn.edu.ar', '6707133@gmail.com', '1000tipsinformaticos@gmail.com', 'redacao@1001coisas.app.br', 'pedidos@100articulos.com.ar', 'paulabijari@gmail.com', 'hr@101blockchains.com', 'support@101greatgoals.com', 'editor@berabere.com', 'enquiries@11v11.com', 'feedback@123articleonline.com', 'contato@123noticias.com.br', 'dmandl@austriansoccerboard.com', 'radek@blackjack-winner.de']...
[2025-06-08 08:11:56] Trying to update for email: zepredict@gmail.com
[2025-06-08 08:11:56] Email not found in Excel index: zepredict@gmail.com. All emails in index: ['info@webcamsdeasturias.com', 'virgil.munteanu@evz.ro', 'redaccion@panoramacultural.com.co', 'info@worldonline.es', 'webmaster@01webdirectory.com', 'lourdsdiaz19.87@gmail.com', 'concursos@frcu.utn.edu.ar', '6707133@gmail.com', '1000tipsinformaticos@gmail.com', 'redacao@1001coisas.app.br', 'pedidos@100articulos.com.ar', 'paulabijari@gmail.com', 'hr@101blockchains.com', 'support@101greatgoals.com', 'editor@berabere.com', 'enquiries@11v11.com', 'feedback@123articleonline.com', 'contato@123noticias.com.br', 'dmandl@austriansoccerboard.com', 'radek@blackjack-winner.de'] ...
[2025-06-08 09:22:08] Created email index: ['info@webcamsdeasturias.com', 'virgil.munteanu@evz.ro', 'redaccion@panoramacultural.com.co', 'info@worldonline.es', 'webmaster@01webdirectory.com', 'lourdsdiaz19.87@gmail.com', 'concursos@frcu.utn.edu.ar', '6707133@gmail.com', '1000tipsinformaticos@gmail.com', 'redacao@1001coisas.app.br', 'pedidos@100articulos.com.ar', 'paulabijari@gmail.com', 'hr@101blockchains.com', 'support@101greatgoals.com', 'editor@berabere.com', 'enquiries@11v11.com', 'feedback@123articleonline.com', 'contato@123noticias.com.br', 'dmandl@austriansoccerboard.com', 'radek@blackjack-winner.de']...
[2025-06-08 10:44:16] Backup Excel created: Mail_USD_backup_20250608_104416.xlsx
[2025-06-08 12:04:04] Created email index: ['info@webcamsdeasturias.com', 'virgil.munteanu@evz.ro', 'redaccion@panoramacultural.com.co', 'info@worldonline.es', 'webmaster@01webdirectory.com', 'lourdsdiaz19.87@gmail.com', 'concursos@frcu.utn.edu.ar', '6707133@gmail.com', '1000tipsinformaticos@gmail.com', 'redacao@1001coisas.app.br', 'pedidos@100articulos.com.ar', 'paulabijari@gmail.com', 'hr@101blockchains.com', 'support@101greatgoals.com', 'editor@berabere.com', 'enquiries@11v11.com', 'feedback@123articleonline.com', 'contato@123noticias.com.br', 'dmandl@austriansoccerboard.com', 'radek@blackjack-winner.de']...
[2025-06-08 12:11:47] Created email index: ['info@webcamsdeasturias.com', 'virgil.munteanu@evz.ro', 'redaccion@panoramacultural.com.co', 'info@worldonline.es', 'webmaster@01webdirectory.com', 'lourdsdiaz19.87@gmail.com', 'concursos@frcu.utn.edu.ar', '6707133@gmail.com', '1000tipsinformaticos@gmail.com', 'redacao@1001coisas.app.br', 'pedidos@100articulos.com.ar', 'paulabijari@gmail.com', 'hr@101blockchains.com', 'support@101greatgoals.com', 'editor@berabere.com', 'enquiries@11v11.com', 'feedback@123articleonline.com', 'contato@123noticias.com.br', 'dmandl@austriansoccerboard.com', 'radek@blackjack-winner.de']...
[2025-06-08 12:12:59] === UPDATE ROWS STARTED for email: uaeplatform.net@gmail.com ===
[2025-06-08 12:12:59] === PARSING LM STUDIO RESPONSE ===
[2025-06-08 12:12:59] Raw response length: 5 characters
[2025-06-08 12:13:48] === UPDATE ROWS STARTED for email: zepredict@gmail.com ===
[2025-06-08 12:13:48] === PARSING LM STUDIO RESPONSE ===
[2025-06-08 12:13:48] Raw response length: 5 characters
[2025-06-08 12:15:55] === UPDATE ROWS STARTED for email: contact@techhbs.com ===
[2025-06-08 12:15:55] === PARSING LM STUDIO RESPONSE ===
[2025-06-08 12:15:55] Raw response length: 5 characters
[2025-06-08 12:16:39] === UPDATE ROWS STARTED for email: contact@urdufeed.org ===
[2025-06-08 12:16:39] === PARSING LM STUDIO RESPONSE ===
[2025-06-08 12:16:39] Raw response length: 5 characters
[2025-06-08 12:18:21] === UPDATE ROWS STARTED for email: covertvoice.official@gmail.com ===
[2025-06-08 12:18:21] === PARSING LM STUDIO RESPONSE ===
[2025-06-08 12:18:21] Raw response length: 5 characters
[2025-06-08 12:19:19] === UPDATE ROWS STARTED for email: editor@plungedaily.com ===
[2025-06-08 12:19:19] === PARSING LM STUDIO RESPONSE ===
[2025-06-08 12:19:19] Raw response length: 5 characters
[2025-06-08 12:20:04] === UPDATE ROWS STARTED for email: editor@thecloudvibe.com ===
[2025-06-08 12:20:04] === PARSING LM STUDIO RESPONSE ===
[2025-06-08 12:20:04] Raw response length: 5 characters
[2025-06-08 12:21:00] === UPDATE ROWS STARTED for email: deepakoutreachy@gmail.com ===
[2025-06-08 12:21:00] === PARSING LM STUDIO RESPONSE ===
[2025-06-08 12:21:00] Raw response length: 5 characters
[2025-06-08 12:21:44] === UPDATE ROWS STARTED for email: info@ndwompafie.net ===
[2025-06-08 12:21:44] === PARSING LM STUDIO RESPONSE ===
[2025-06-08 12:21:44] Raw response length: 5 characters
[2025-06-08 12:22:33] === UPDATE ROWS STARTED for email: elisaedwards30@gmail.com ===
[2025-06-08 12:22:33] === PARSING LM STUDIO RESPONSE ===
[2025-06-08 12:22:33] Raw response length: 5 characters
[2025-06-08 12:23:35] === UPDATE ROWS STARTED for email: info@plungedaily.com ===
[2025-06-08 12:23:35] === PARSING LM STUDIO RESPONSE ===
[2025-06-08 12:23:35] Raw response length: 5 characters
[2025-06-08 12:24:19] === UPDATE ROWS STARTED for email: admin@corporatemarketingguide.com ===
[2025-06-08 12:24:19] === PARSING LM STUDIO RESPONSE ===
[2025-06-08 12:24:19] Raw response length: 5 characters
[2025-06-08 12:26:03] === UPDATE ROWS STARTED for email: admin@linkingexpert.com ===
[2025-06-08 12:26:03] === PARSING LM STUDIO RESPONSE ===
[2025-06-08 12:26:03] Raw response length: 5 characters
[2025-06-08 12:27:03] === UPDATE ROWS STARTED for email: info@suomitanaan.com ===
[2025-06-08 12:27:03] === PARSING LM STUDIO RESPONSE ===
[2025-06-08 12:27:03] Raw response length: 5 characters
[2025-06-08 12:27:51] === UPDATE ROWS STARTED for email: admin@teamstore.cz ===
[2025-06-08 12:27:51] === PARSING LM STUDIO RESPONSE ===
[2025-06-08 12:27:51] Raw response length: 5 characters
[2025-06-08 12:29:50] Created email index: ['info@webcamsdeasturias.com', 'virgil.munteanu@evz.ro', 'redaccion@panoramacultural.com.co', 'info@worldonline.es', 'webmaster@01webdirectory.com', 'lourdsdiaz19.87@gmail.com', 'concursos@frcu.utn.edu.ar', '6707133@gmail.com', '1000tipsinformaticos@gmail.com', 'redacao@1001coisas.app.br', 'pedidos@100articulos.com.ar', 'paulabijari@gmail.com', 'hr@101blockchains.com', 'support@101greatgoals.com', 'editor@berabere.com', 'enquiries@11v11.com', 'feedback@123articleonline.com', 'contato@123noticias.com.br', 'dmandl@austriansoccerboard.com', 'radek@blackjack-winner.de']...
[2025-06-08 12:31:00] === UPDATE ROWS STARTED for email: uaeplatform.net@gmail.com ===
[2025-06-08 12:31:00] Raw response type: <class 'dict'>
[2025-06-08 12:31:00] === PARSING LM STUDIO RESPONSE ===
[2025-06-08 12:31:00] Raw response type: <class 'dict'>
[2025-06-08 12:31:00] Raw response length: 226 characters
[2025-06-08 12:31:00] Raw response preview (first 500 chars): {'Price usd': '250', 'Price usd casino': '', 'Payment': 'PayPal, Payoneer', 'Inform': '3 Do-follow backlinks, No sponsored tags, Permanent placement', 'Comments': 'View full list of websites via link and contact via WhatsApp'}
[2025-06-08 12:31:00] Found 0 potential JSON objects with regex
[2025-06-08 12:31:00] No JSON found with regex, trying line-by-line search
[2025-06-08 12:31:00] Line 0: {'Price usd': '250', 'Price usd casino': '', 'Payment': 'PayPal, Payoneer', 'Inform': '3 Do-follow backlinks, No sponsored tags, Permanent placement', 'Comments': 'View full list of websites via link and contact via WhatsApp'}
[2025-06-08 12:31:00] === PARSING FAILED ===
[2025-06-08 12:31:00] No valid JSON objects found in response
[2025-06-08 12:31:00] No valid data extracted, skipping update for uaeplatform.net@gmail.com
[2025-06-08 12:31:59] === UPDATE ROWS STARTED for email: zepredict@gmail.com ===
[2025-06-08 12:31:59] Raw response type: <class 'dict'>
[2025-06-08 12:31:59] === PARSING LM STUDIO RESPONSE ===
[2025-06-08 12:31:59] Raw response type: <class 'dict'>
[2025-06-08 12:31:59] Raw response length: 133 characters
[2025-06-08 12:31:59] Raw response preview (first 500 chars): {'Price usd': '50', 'Price usd casino': '', 'Payment': 'link', 'Inform': 'We accept such link on our website', 'Comments': 'Alright'}
[2025-06-08 12:31:59] Found 0 potential JSON objects with regex
[2025-06-08 12:31:59] No JSON found with regex, trying line-by-line search
[2025-06-08 12:31:59] Line 0: {'Price usd': '50', 'Price usd casino': '', 'Payment': 'link', 'Inform': 'We accept such link on our website', 'Comments': 'Alright'}
[2025-06-08 12:31:59] === PARSING FAILED ===
[2025-06-08 12:31:59] No valid JSON objects found in response
[2025-06-08 12:31:59] No valid data extracted, skipping update for zepredict@gmail.com
[2025-06-08 12:34:20] === UPDATE ROWS STARTED for email: contact@techhbs.com ===
[2025-06-08 12:34:20] Raw response type: <class 'dict'>
[2025-06-08 12:34:20] === PARSING LM STUDIO RESPONSE ===
[2025-06-08 12:34:20] Raw response type: <class 'dict'>
[2025-06-08 12:34:20] Raw response length: 466 characters
[2025-06-08 12:34:20] Raw response preview (first 500 chars): {'Price usd': '300', 'Price usd casino': '500', 'Payment': 'paypal/bank transfer', 'Inform': 'advance payment required before publication, articles published instantly upon payment confirmation, articles live permanently, indexed within 20 minutes, title shown on google in 2-6 hours', 'Comments': 'accepts casino links in pure tech articles, homepage banner backlink for $4000/year, only one do-follow link allowed per article, no sponsored tags in guest articles'}
[2025-06-08 12:34:20] Found 0 potential JSON objects with regex
[2025-06-08 12:34:20] No JSON found with regex, trying line-by-line search
[2025-06-08 12:34:20] Line 0: {'Price usd': '300', 'Price usd casino': '500', 'Payment': 'paypal/bank transfer', 'Inform': 'advance payment required before publication, articles published instantly upon payment confirmation, articles live permanently, indexed within 20 minutes, title shown on google in 2-6 hours', 'Comments': 'accepts casino links in pure tech articles, homepage banner backlink for $4000/year, only one do-follow link allowed per article, no sponsored tags in guest articles'}
[2025-06-08 12:34:20] === PARSING FAILED ===
[2025-06-08 12:34:20] No valid JSON objects found in response
[2025-06-08 12:34:20] No valid data extracted, skipping update for contact@techhbs.com
[2025-06-08 12:35:42] === UPDATE ROWS STARTED for email: contact@urdufeed.org ===
[2025-06-08 12:35:42] Raw response type: <class 'dict'>
[2025-06-08 12:35:42] === PARSING LM STUDIO RESPONSE ===
[2025-06-08 12:35:42] Raw response type: <class 'dict'>
[2025-06-08 12:35:42] Raw response length: 122 characters
[2025-06-08 12:35:42] Raw response preview (first 500 chars): {'Price usd': '300', 'Price usd casino': '', 'Payment': 'PayPal', 'Inform': 'Please provide your budget.', 'Comments': ''}
[2025-06-08 12:35:42] Found 0 potential JSON objects with regex
[2025-06-08 12:35:42] No JSON found with regex, trying line-by-line search
[2025-06-08 12:35:42] Line 0: {'Price usd': '300', 'Price usd casino': '', 'Payment': 'PayPal', 'Inform': 'Please provide your budget.', 'Comments': ''}
[2025-06-08 12:35:42] === PARSING FAILED ===
[2025-06-08 12:35:42] No valid JSON objects found in response
[2025-06-08 12:35:42] No valid data extracted, skipping update for contact@urdufeed.org
[2025-06-08 12:44:47] Created email index: ['info@webcamsdeasturias.com', 'virgil.munteanu@evz.ro', 'redaccion@panoramacultural.com.co', 'info@worldonline.es', 'webmaster@01webdirectory.com', 'lourdsdiaz19.87@gmail.com', 'concursos@frcu.utn.edu.ar', '6707133@gmail.com', '1000tipsinformaticos@gmail.com', 'redacao@1001coisas.app.br', 'pedidos@100articulos.com.ar', 'paulabijari@gmail.com', 'hr@101blockchains.com', 'support@101greatgoals.com', 'editor@berabere.com', 'enquiries@11v11.com', 'feedback@123articleonline.com', 'contato@123noticias.com.br', 'dmandl@austriansoccerboard.com', 'radek@blackjack-winner.de']...
[2025-06-08 12:45:55] === UPDATE ROWS STARTED for email: uaeplatform.net@gmail.com ===
[2025-06-08 12:45:55] === PARSING LM STUDIO RESPONSE ===
[2025-06-08 12:45:55] Raw response type: <class 'dict'>
[2025-06-08 12:45:55] Raw response length: 226 characters
[2025-06-08 12:45:55] Raw response preview (first 500 chars): {'Price usd': '250', 'Price usd casino': '', 'Payment': 'PayPal, Payoneer', 'Inform': '3 Do-follow backlinks, No sponsored tags, Permanent placement', 'Comments': 'View full list of websites via link and contact via WhatsApp'}
[2025-06-08 12:45:55] === PARSING FAILED ===
[2025-06-08 12:45:55] No valid JSON objects found in response
[2025-06-08 12:45:55] Text content was: {'Price usd': '250', 'Price usd casino': '', 'Payment': 'PayPal, Payoneer', 'Inform': '3 Do-follow backlinks, No sponsored tags, Permanent placement', 'Comments': 'View full list of websites via link and contact via WhatsApp'}
[2025-06-08 12:45:55] No valid data extracted, skipping update for uaeplatform.net@gmail.com
[2025-06-08 12:45:55] === DEBUG EMAIL SEARCH for: uaeplatform.net@gmail.com ===
[2025-06-08 12:45:55] Extracted emails: ['uaeplatform.net@gmail.com']
[2025-06-08 12:45:55] Normalized email: uaeplatform.net@gmail.com
[2025-06-08 12:45:55] NOT found in index
[2025-06-08 12:45:55] === END DEBUG EMAIL SEARCH ===
[2025-06-08 12:46:42] === UPDATE ROWS STARTED for email: zepredict@gmail.com ===
[2025-06-08 12:46:42] === PARSING LM STUDIO RESPONSE ===
[2025-06-08 12:46:42] Raw response type: <class 'dict'>
[2025-06-08 12:46:42] Raw response length: 133 characters
[2025-06-08 12:46:42] Raw response preview (first 500 chars): {'Price usd': '50', 'Price usd casino': '', 'Payment': 'link', 'Inform': 'We accept such link on our website', 'Comments': 'Alright'}
[2025-06-08 12:46:42] === PARSING FAILED ===
[2025-06-08 12:46:42] No valid JSON objects found in response
[2025-06-08 12:46:42] Text content was: {'Price usd': '50', 'Price usd casino': '', 'Payment': 'link', 'Inform': 'We accept such link on our website', 'Comments': 'Alright'}
[2025-06-08 12:46:42] No valid data extracted, skipping update for zepredict@gmail.com
[2025-06-08 12:46:42] === DEBUG EMAIL SEARCH for: zepredict@gmail.com ===
[2025-06-08 12:46:42] Extracted emails: ['zepredict@gmail.com']
[2025-06-08 12:46:42] Normalized email: zepredict@gmail.com
[2025-06-08 12:46:42] NOT found in index
[2025-06-08 12:46:42] === END DEBUG EMAIL SEARCH ===
[2025-06-08 13:41:21] Created email index: ['info@webcamsdeasturias.com', 'virgil.munteanu@evz.ro', 'redaccion@panoramacultural.com.co', 'info@worldonline.es', 'webmaster@01webdirectory.com', 'lourdsdiaz19.87@gmail.com', 'concursos@frcu.utn.edu.ar', '6707133@gmail.com', '1000tipsinformaticos@gmail.com', 'redacao@1001coisas.app.br', 'pedidos@100articulos.com.ar', 'paulabijari@gmail.com', 'hr@101blockchains.com', 'support@101greatgoals.com', 'editor@berabere.com', 'enquiries@11v11.com', 'feedback@123articleonline.com', 'contato@123noticias.com.br', 'dmandl@austriansoccerboard.com', 'radek@blackjack-winner.de']...
[2025-06-08 13:42:39] === UPDATE ROWS STARTED for email: uaeplatform.net@gmail.com ===
[2025-06-08 13:42:39] === PARSING LM STUDIO RESPONSE ===
[2025-06-08 13:42:39] Raw response type: <class 'dict'>
[2025-06-08 13:42:39] Raw response length: 226 characters
[2025-06-08 13:42:39] Raw response preview (first 500 chars): {'Price usd': '250', 'Price usd casino': '', 'Payment': 'PayPal, Payoneer', 'Inform': '3 Do-follow backlinks, No sponsored tags, Permanent placement', 'Comments': 'View full list of websites via link and contact via WhatsApp'}
[2025-06-08 13:42:39] === PARSING FAILED ===
[2025-06-08 13:42:39] No valid JSON objects found in response
[2025-06-08 13:42:39] Text content was: {'Price usd': '250', 'Price usd casino': '', 'Payment': 'PayPal, Payoneer', 'Inform': '3 Do-follow backlinks, No sponsored tags, Permanent placement', 'Comments': 'View full list of websites via link and contact via WhatsApp'}
[2025-06-08 13:42:39] No valid data extracted, skipping update for uaeplatform.net@gmail.com
[2025-06-08 13:42:39] === DEBUG EMAIL SEARCH for: uaeplatform.net@gmail.com ===
[2025-06-08 13:42:39] Extracted emails: ['uaeplatform.net@gmail.com']
[2025-06-08 13:42:39] Normalized email: uaeplatform.net@gmail.com
[2025-06-08 13:42:39] NOT found in index
[2025-06-08 13:42:39] === END DEBUG EMAIL SEARCH ===
[2025-06-08 13:43:26] === UPDATE ROWS STARTED for email: zepredict@gmail.com ===
[2025-06-08 13:43:26] === PARSING LM STUDIO RESPONSE ===
[2025-06-08 13:43:26] Raw response type: <class 'dict'>
[2025-06-08 13:43:26] Raw response length: 133 characters
[2025-06-08 13:43:26] Raw response preview (first 500 chars): {'Price usd': '50', 'Price usd casino': '', 'Payment': 'link', 'Inform': 'We accept such link on our website', 'Comments': 'Alright'}
[2025-06-08 13:43:26] === PARSING FAILED ===
[2025-06-08 13:43:26] No valid JSON objects found in response
[2025-06-08 13:43:26] Text content was: {'Price usd': '50', 'Price usd casino': '', 'Payment': 'link', 'Inform': 'We accept such link on our website', 'Comments': 'Alright'}
[2025-06-08 13:43:26] No valid data extracted, skipping update for zepredict@gmail.com
[2025-06-08 13:43:26] === DEBUG EMAIL SEARCH for: zepredict@gmail.com ===
[2025-06-08 13:43:26] Extracted emails: ['zepredict@gmail.com']
[2025-06-08 13:43:26] Normalized email: zepredict@gmail.com
[2025-06-08 13:43:26] NOT found in index
[2025-06-08 13:43:26] === END DEBUG EMAIL SEARCH ===
[2025-06-08 13:45:32] === UPDATE ROWS STARTED for email: contact@techhbs.com ===
[2025-06-08 13:45:32] === PARSING LM STUDIO RESPONSE ===
[2025-06-08 13:45:32] Raw response type: <class 'dict'>
[2025-06-08 13:45:32] Raw response length: 466 characters
[2025-06-08 13:45:32] Raw response preview (first 500 chars): {'Price usd': '300', 'Price usd casino': '500', 'Payment': 'paypal/bank transfer', 'Inform': 'advance payment required before publication, articles published instantly upon payment confirmation, articles live permanently, indexed within 20 minutes, title shown on google in 2-6 hours', 'Comments': 'accepts casino links in pure tech articles, homepage banner backlink for $4000/year, only one do-follow link allowed per article, no sponsored tags in guest articles'}
[2025-06-08 13:45:32] === PARSING FAILED ===
[2025-06-08 13:45:32] No valid JSON objects found in response
[2025-06-08 13:45:32] Text content was: {'Price usd': '300', 'Price usd casino': '500', 'Payment': 'paypal/bank transfer', 'Inform': 'advance payment required before publication, articles published instantly upon payment confirmation, articles live permanently, indexed within 20 minutes, title shown on google in 2-6 hours', 'Comments': 'accepts casino links in pure tech articles, homepage banner backlink for $4000/year, only one do-follow link allowed per article, no sponsored tags in guest articles'}
[2025-06-08 13:45:32] No valid data extracted, skipping update for contact@techhbs.com
[2025-06-08 13:45:32] === DEBUG EMAIL SEARCH for: contact@techhbs.com ===
[2025-06-08 13:45:32] Extracted emails: ['contact@techhbs.com']
[2025-06-08 13:45:32] Normalized email: contact@techhbs.com
[2025-06-08 13:45:32] NOT found in index
[2025-06-08 13:45:32] === END DEBUG EMAIL SEARCH ===
[2025-06-08 13:46:13] === UPDATE ROWS STARTED for email: contact@urdufeed.org ===
[2025-06-08 13:46:13] === PARSING LM STUDIO RESPONSE ===
[2025-06-08 13:46:13] Raw response type: <class 'dict'>
[2025-06-08 13:46:13] Raw response length: 122 characters
[2025-06-08 13:46:13] Raw response preview (first 500 chars): {'Price usd': '300', 'Price usd casino': '', 'Payment': 'PayPal', 'Inform': 'Please provide your budget.', 'Comments': ''}
[2025-06-08 13:46:13] === PARSING FAILED ===
[2025-06-08 13:46:13] No valid JSON objects found in response
[2025-06-08 13:46:13] Text content was: {'Price usd': '300', 'Price usd casino': '', 'Payment': 'PayPal', 'Inform': 'Please provide your budget.', 'Comments': ''}
[2025-06-08 13:46:13] No valid data extracted, skipping update for contact@urdufeed.org
[2025-06-08 13:46:13] === DEBUG EMAIL SEARCH for: contact@urdufeed.org ===
[2025-06-08 13:46:13] Extracted emails: ['contact@urdufeed.org']
[2025-06-08 13:46:13] Normalized email: contact@urdufeed.org
[2025-06-08 13:46:13] NOT found in index
[2025-06-08 13:46:13] === END DEBUG EMAIL SEARCH ===
[2025-06-08 13:47:54] === UPDATE ROWS STARTED for email: covertvoice.official@gmail.com ===
[2025-06-08 13:47:54] === PARSING LM STUDIO RESPONSE ===
[2025-06-08 13:47:54] Raw response type: <class 'dict'>
[2025-06-08 13:47:54] Raw response length: 261 characters
[2025-06-08 13:47:54] Raw response preview (first 500 chars): {'Price usd': '200', 'Price usd casino': '', 'Payment': '', 'Inform': 'We are accepting guest posts related to tech, business, marketing etc. relevant to each website.', 'Comments': "Note: We don't accept links like Casino, CBD, betting, gambling, dating etc."}
[2025-06-08 13:47:54] === PARSING FAILED ===
[2025-06-08 13:47:54] No valid JSON objects found in response
[2025-06-08 13:47:54] Text content was: {'Price usd': '200', 'Price usd casino': '', 'Payment': '', 'Inform': 'We are accepting guest posts related to tech, business, marketing etc. relevant to each website.', 'Comments': "Note: We don't accept links like Casino, CBD, betting, gambling, dating etc."}
[2025-06-08 13:47:54] No valid data extracted, skipping update for covertvoice.official@gmail.com
[2025-06-08 13:47:54] === DEBUG EMAIL SEARCH for: covertvoice.official@gmail.com ===
[2025-06-08 13:47:54] Extracted emails: ['covertvoice.official@gmail.com']
[2025-06-08 13:47:54] Normalized email: covertvoice.official@gmail.com
[2025-06-08 13:47:54] NOT found in index
[2025-06-08 13:47:54] === END DEBUG EMAIL SEARCH ===
[2025-06-08 13:48:50] === UPDATE ROWS STARTED for email: editor@plungedaily.com ===
[2025-06-08 13:48:50] === PARSING LM STUDIO RESPONSE ===
[2025-06-08 13:48:50] Raw response type: <class 'dict'>
[2025-06-08 13:48:50] Raw response length: 228 characters
[2025-06-08 13:48:50] Raw response preview (first 500 chars): {'Price usd': '250-300', 'Price usd casino': '', 'Payment': 'PayPal', 'Inform': "Need author's name, image, short profile; max 500-600 words; 6% PayPal Surcharge; higher fees for unaccepted subjects ($500-$600)", 'Comments': ''}
[2025-06-08 13:48:50] === PARSING FAILED ===
[2025-06-08 13:48:50] No valid JSON objects found in response
[2025-06-08 13:48:50] Text content was: {'Price usd': '250-300', 'Price usd casino': '', 'Payment': 'PayPal', 'Inform': "Need author's name, image, short profile; max 500-600 words; 6% PayPal Surcharge; higher fees for unaccepted subjects ($500-$600)", 'Comments': ''}
[2025-06-08 13:48:50] No valid data extracted, skipping update for editor@plungedaily.com
[2025-06-08 13:48:50] === DEBUG EMAIL SEARCH for: editor@plungedaily.com ===
[2025-06-08 13:48:50] Extracted emails: ['editor@plungedaily.com']
[2025-06-08 13:48:50] Normalized email: editor@plungedaily.com
[2025-06-08 13:48:50] NOT found in index
[2025-06-08 13:48:50] === END DEBUG EMAIL SEARCH ===
[2025-06-08 13:49:49] === UPDATE ROWS STARTED for email: editor@thecloudvibe.com ===
[2025-06-08 13:49:49] === PARSING LM STUDIO RESPONSE ===
[2025-06-08 13:49:49] Raw response type: <class 'dict'>
[2025-06-08 13:49:49] Raw response length: 341 characters
[2025-06-08 13:49:49] Raw response preview (first 500 chars): {'Price usd': '100', 'Price usd casino': '80', 'Payment': '', 'Inform': "We accept Paid Guest Post's with a charge of $100 for Article Posting and $80 for Link Placement for Normal our Category Related Post's.", 'Comments': 'A single backlink from a high Domain Authority website is worth much more than thousands of low-quality backlinks.'}
[2025-06-08 13:49:49] === PARSING FAILED ===
[2025-06-08 13:49:49] No valid JSON objects found in response
[2025-06-08 13:49:49] Text content was: {'Price usd': '100', 'Price usd casino': '80', 'Payment': '', 'Inform': "We accept Paid Guest Post's with a charge of $100 for Article Posting and $80 for Link Placement for Normal our Category Related Post's.", 'Comments': 'A single backlink from a high Domain Authority website is worth much more than thousands of low-quality backlinks.'}
[2025-06-08 13:49:49] No valid data extracted, skipping update for editor@thecloudvibe.com
[2025-06-08 13:49:49] === DEBUG EMAIL SEARCH for: editor@thecloudvibe.com ===
[2025-06-08 13:49:49] Extracted emails: ['editor@thecloudvibe.com']
[2025-06-08 13:49:49] Normalized email: editor@thecloudvibe.com
[2025-06-08 13:49:49] NOT found in index
[2025-06-08 13:49:49] === END DEBUG EMAIL SEARCH ===
[2025-06-08 13:50:32] === UPDATE ROWS STARTED for email: editor@thotscope.com ===
[2025-06-08 13:50:32] === PARSING LM STUDIO RESPONSE ===
[2025-06-08 13:50:32] Raw response type: <class 'dict'>
[2025-06-08 13:50:32] Raw response length: 550 characters
[2025-06-08 13:50:32] Raw response preview (first 500 chars): {'Price usd': '80', 'Price usd casino': '', 'Payment': '', 'Inform': 'lifestylebyps.com, thotscope.com', 'Comments': "My name is Mark, and I work with an SEO agency that helps clients improve their website visibility. We'd like to propose a mutually beneficial partnership for your site. We kindly ask you to clarify the following points: Is it possible to place such content on your platform? What would be the cost per article (regular or casino-themed)? Are gambling-related topics allowed? Do you
[2025-06-08 13:50:32] === PARSING FAILED ===
[2025-06-08 13:50:32] No valid JSON objects found in response
[2025-06-08 13:50:32] Text content was: {'Price usd': '80', 'Price usd casino': '', 'Payment': '', 'Inform': 'lifestylebyps.com, thotscope.com', 'Comments': "My name is Mark, and I work with an SEO agency that helps clients improve their website visibility. We'd like to propose a mutually beneficial partnership for your site. We kindly ask you to clarify the following points: Is it possible to place such content on your platform? What would be the cost per article (regular or casino-themed)? Are gambling-related topics allowed? Do you have other websites where we could collaborate?"}
[2025-06-08 13:50:32] No valid data extracted, skipping update for editor@thotscope.com
[2025-06-08 13:50:32] === DEBUG EMAIL SEARCH for: editor@thotscope.com ===
[2025-06-08 13:50:32] Extracted emails: ['editor@thotscope.com']
[2025-06-08 13:50:32] Normalized email: editor@thotscope.com
[2025-06-08 13:50:32] NOT found in index
[2025-06-08 13:50:32] === END DEBUG EMAIL SEARCH ===
[2025-06-08 13:50:57] === UPDATE ROWS STARTED for email: deepakoutreachy@gmail.com ===
[2025-06-08 13:50:57] === PARSING LM STUDIO RESPONSE ===
[2025-06-08 13:50:57] Raw response type: <class 'dict'>
[2025-06-08 13:50:57] Raw response length: 129 characters
[2025-06-08 13:50:57] Raw response preview (first 500 chars): {'Price usd': '300', 'Price usd casino': '', 'Payment': 'Bank transfer', 'Inform': 'Please provide your budget.', 'Comments': ''}
[2025-06-08 13:50:57] === PARSING FAILED ===
[2025-06-08 13:50:57] No valid JSON objects found in response
[2025-06-08 13:50:57] Text content was: {'Price usd': '300', 'Price usd casino': '', 'Payment': 'Bank transfer', 'Inform': 'Please provide your budget.', 'Comments': ''}
[2025-06-08 13:50:57] No valid data extracted, skipping update for deepakoutreachy@gmail.com
[2025-06-08 13:50:57] === DEBUG EMAIL SEARCH for: deepakoutreachy@gmail.com ===
[2025-06-08 13:50:57] Extracted emails: ['deepakoutreachy@gmail.com']
[2025-06-08 13:50:57] Normalized email: deepakoutreachy@gmail.com
[2025-06-08 13:50:57] NOT found in index
[2025-06-08 13:50:57] === END DEBUG EMAIL SEARCH ===
[2025-06-08 13:51:41] === UPDATE ROWS STARTED for email: info@ndwompafie.net ===
[2025-06-08 13:51:41] === PARSING LM STUDIO RESPONSE ===
[2025-06-08 13:51:41] Raw response type: <class 'dict'>
[2025-06-08 13:51:41] Raw response length: 99 characters
[2025-06-08 13:51:41] Raw response preview (first 500 chars): {'Price usd': '60', 'Price usd casino': '70', 'Payment': '', 'Inform': '', 'Comments': 'Yes - $70'}
[2025-06-08 13:51:41] === PARSING FAILED ===
[2025-06-08 13:51:41] No valid JSON objects found in response
[2025-06-08 13:51:41] Text content was: {'Price usd': '60', 'Price usd casino': '70', 'Payment': '', 'Inform': '', 'Comments': 'Yes - $70'}
[2025-06-08 13:51:41] No valid data extracted, skipping update for info@ndwompafie.net
[2025-06-08 13:51:41] === DEBUG EMAIL SEARCH for: info@ndwompafie.net ===
[2025-06-08 13:51:41] Extracted emails: ['info@ndwompafie.net']
[2025-06-08 13:51:41] Normalized email: info@ndwompafie.net
[2025-06-08 13:51:41] NOT found in index
[2025-06-08 13:51:41] === END DEBUG EMAIL SEARCH ===
[2025-06-08 13:52:29] === UPDATE ROWS STARTED for email: elisaedwards30@gmail.com ===
[2025-06-08 13:52:29] === PARSING LM STUDIO RESPONSE ===
[2025-06-08 13:52:29] Raw response type: <class 'dict'>
[2025-06-08 13:52:29] Raw response length: 219 characters
[2025-06-08 13:52:29] Raw response preview (first 500 chars): {'Price usd': '20', 'Price usd casino': '', 'Payment': 'PayPal', 'Inform': 'We charge 20 USD extra for Crypto and Forex.', 'Comments': 'Please share your article or link insertion details if you agree with the prices.'}
[2025-06-08 13:52:29] === PARSING FAILED ===
[2025-06-08 13:52:29] No valid JSON objects found in response
[2025-06-08 13:52:29] Text content was: {'Price usd': '20', 'Price usd casino': '', 'Payment': 'PayPal', 'Inform': 'We charge 20 USD extra for Crypto and Forex.', 'Comments': 'Please share your article or link insertion details if you agree with the prices.'}
[2025-06-08 13:52:29] No valid data extracted, skipping update for elisaedwards30@gmail.com
[2025-06-08 13:52:29] === DEBUG EMAIL SEARCH for: elisaedwards30@gmail.com ===
[2025-06-08 13:52:29] Extracted emails: ['elisaedwards30@gmail.com']
[2025-06-08 13:52:29] Normalized email: elisaedwards30@gmail.com
[2025-06-08 13:52:29] NOT found in index
[2025-06-08 13:52:29] === END DEBUG EMAIL SEARCH ===
[2025-06-08 13:53:28] === UPDATE ROWS STARTED for email: info@plungedaily.com ===
[2025-06-08 13:53:28] === PARSING LM STUDIO RESPONSE ===
[2025-06-08 13:53:28] Raw response type: <class 'dict'>
[2025-06-08 13:53:28] Raw response length: 221 characters
[2025-06-08 13:53:28] Raw response preview (first 500 chars): {'Price usd': '250-300', 'Price usd casino': '', 'Payment': 'PayPal with 6% surcharge', 'Inform': "Need author's name, image, short profile; max 500-600 words", 'Comments': 'Higher fees for unaccepted subjects (500-600)'}
[2025-06-08 13:53:28] === PARSING FAILED ===
[2025-06-08 13:53:28] No valid JSON objects found in response
[2025-06-08 13:53:28] Text content was: {'Price usd': '250-300', 'Price usd casino': '', 'Payment': 'PayPal with 6% surcharge', 'Inform': "Need author's name, image, short profile; max 500-600 words", 'Comments': 'Higher fees for unaccepted subjects (500-600)'}
[2025-06-08 13:53:28] No valid data extracted, skipping update for info@plungedaily.com
[2025-06-08 13:53:28] === DEBUG EMAIL SEARCH for: info@plungedaily.com ===
[2025-06-08 13:53:28] Extracted emails: ['info@plungedaily.com']
[2025-06-08 13:53:28] Normalized email: info@plungedaily.com
[2025-06-08 13:53:28] NOT found in index
[2025-06-08 13:53:28] === END DEBUG EMAIL SEARCH ===
[2025-06-08 13:54:12] === UPDATE ROWS STARTED for email: admin@corporatemarketingguide.com ===
[2025-06-08 13:54:12] === PARSING LM STUDIO RESPONSE ===
[2025-06-08 13:54:12] Raw response type: <class 'dict'>
[2025-06-08 13:54:12] Raw response length: 197 characters
[2025-06-08 13:54:12] Raw response preview (first 500 chars): {'Price usd': '100', 'Price usd casino': '250', 'Payment': 'Paypal', 'Inform': 'Link Insertion in an existing post:- $70', 'Comments': 'TAT of article publishing: 5 Hours, Word Count:- 700 to 800'}
[2025-06-08 13:54:12] === PARSING FAILED ===
[2025-06-08 13:54:12] No valid JSON objects found in response
[2025-06-08 13:54:12] Text content was: {'Price usd': '100', 'Price usd casino': '250', 'Payment': 'Paypal', 'Inform': 'Link Insertion in an existing post:- $70', 'Comments': 'TAT of article publishing: 5 Hours, Word Count:- 700 to 800'}
[2025-06-08 13:54:12] No valid data extracted, skipping update for admin@corporatemarketingguide.com
[2025-06-08 13:54:12] === DEBUG EMAIL SEARCH for: admin@corporatemarketingguide.com ===
[2025-06-08 13:54:12] Extracted emails: ['admin@corporatemarketingguide.com']
[2025-06-08 13:54:12] Normalized email: admin@corporatemarketingguide.com
[2025-06-08 13:54:12] NOT found in index
[2025-06-08 13:54:12] === END DEBUG EMAIL SEARCH ===
[2025-06-08 13:56:27] === UPDATE ROWS STARTED for email: admin@linkingexpert.com ===
[2025-06-08 13:56:27] === PARSING LM STUDIO RESPONSE ===
[2025-06-08 13:56:27] Raw response type: <class 'dict'>
[2025-06-08 13:56:27] Raw response length: 109 characters
[2025-06-08 13:56:27] Raw response preview (first 500 chars): {'Price usd': '150', 'Price usd casino': '300', 'Payment': 'PayPal or Binance', 'Inform': '', 'Comments': ''}
[2025-06-08 13:56:27] === PARSING FAILED ===
[2025-06-08 13:56:27] No valid JSON objects found in response
[2025-06-08 13:56:27] Text content was: {'Price usd': '150', 'Price usd casino': '300', 'Payment': 'PayPal or Binance', 'Inform': '', 'Comments': ''}
[2025-06-08 13:56:27] No valid data extracted, skipping update for admin@linkingexpert.com
[2025-06-08 13:56:27] === DEBUG EMAIL SEARCH for: admin@linkingexpert.com ===
[2025-06-08 13:56:27] Extracted emails: ['admin@linkingexpert.com']
[2025-06-08 13:56:27] Normalized email: admin@linkingexpert.com
[2025-06-08 13:56:27] NOT found in index
[2025-06-08 13:56:27] === END DEBUG EMAIL SEARCH ===
[2025-06-08 13:57:27] === UPDATE ROWS STARTED for email: info@suomitanaan.com ===
[2025-06-08 13:57:27] === PARSING LM STUDIO RESPONSE ===
[2025-06-08 13:57:27] Raw response type: <class 'dict'>
[2025-06-08 13:57:27] Raw response length: 137 characters
[2025-06-08 13:57:27] Raw response preview (first 500 chars): {'Price usd': '100', 'Price usd casino': '200', 'Payment': 'Bitcoin', 'Inform': 'Доставка по всему миру', 'Comments': 'Быстрая доставка'}
[2025-06-08 13:57:27] === PARSING FAILED ===
[2025-06-08 13:57:27] No valid JSON objects found in response
[2025-06-08 13:57:27] Text content was: {'Price usd': '100', 'Price usd casino': '200', 'Payment': 'Bitcoin', 'Inform': 'Доставка по всему миру', 'Comments': 'Быстрая доставка'}
[2025-06-08 13:57:27] No valid data extracted, skipping update for info@suomitanaan.com
[2025-06-08 13:57:27] === DEBUG EMAIL SEARCH for: info@suomitanaan.com ===
[2025-06-08 13:57:27] Extracted emails: ['info@suomitanaan.com']
[2025-06-08 13:57:27] Normalized email: info@suomitanaan.com
[2025-06-08 13:57:27] NOT found in index
[2025-06-08 13:57:27] === END DEBUG EMAIL SEARCH ===
[2025-06-08 13:58:13] === UPDATE ROWS STARTED for email: admin@teamstore.cz ===
[2025-06-08 13:58:13] === PARSING LM STUDIO RESPONSE ===
[2025-06-08 13:58:13] Raw response type: <class 'dict'>
[2025-06-08 13:58:13] Raw response length: 254 characters
[2025-06-08 13:58:13] Raw response preview (first 500 chars): {'Price usd': '149', 'Price usd casino': '199', 'Payment': 'PayPal, Skrill, Bank transfer', 'Inform': 'I have over 300 sites. But I will share that list with you only after first paid order.', 'Comments': 'Do you have telegram for faster communication?'}
[2025-06-08 13:58:13] === PARSING FAILED ===
[2025-06-08 13:58:13] No valid JSON objects found in response
[2025-06-08 13:58:13] Text content was: {'Price usd': '149', 'Price usd casino': '199', 'Payment': 'PayPal, Skrill, Bank transfer', 'Inform': 'I have over 300 sites. But I will share that list with you only after first paid order.', 'Comments': 'Do you have telegram for faster communication?'}
[2025-06-08 13:58:13] No valid data extracted, skipping update for admin@teamstore.cz
[2025-06-08 13:58:13] === DEBUG EMAIL SEARCH for: admin@teamstore.cz ===
[2025-06-08 13:58:13] Extracted emails: ['admin@teamstore.cz']
[2025-06-08 13:58:13] Normalized email: admin@teamstore.cz
[2025-06-08 13:58:13] NOT found in index
[2025-06-08 13:58:13] === END DEBUG EMAIL SEARCH ===
[2025-06-08 13:58:57] === UPDATE ROWS STARTED for email: info@techedubyte.com ===
[2025-06-08 13:58:57] === PARSING LM STUDIO RESPONSE ===
[2025-06-08 13:58:57] Raw response type: <class 'dict'>
[2025-06-08 13:58:57] Raw response length: 394 characters
[2025-06-08 13:58:57] Raw response preview (first 500 chars): {'Price usd': '100', 'Price usd casino': '130', 'Payment': 'Cryptocurrency (USDT TRC-20), Wise, ACH Bank Transfer, PayPal (Transfer Fee Applicable.)', 'Inform': 'Index within 10 minutes. 400K Monthly Visitors. 30K Telegram Subscribers. Lifetime Do-Follow Links.', 'Comments': 'Also have 6 more sites below with lower prices: General Articles - 60 USD, Casino, CBD & Gambling Content - 80 USD.'}
[2025-06-08 13:58:57] === PARSING FAILED ===
[2025-06-08 13:58:57] No valid JSON objects found in response
[2025-06-08 13:58:57] Text content was: {'Price usd': '100', 'Price usd casino': '130', 'Payment': 'Cryptocurrency (USDT TRC-20), Wise, ACH Bank Transfer, PayPal (Transfer Fee Applicable.)', 'Inform': 'Index within 10 minutes. 400K Monthly Visitors. 30K Telegram Subscribers. Lifetime Do-Follow Links.', 'Comments': 'Also have 6 more sites below with lower prices: General Articles - 60 USD, Casino, CBD & Gambling Content - 80 USD.'}
[2025-06-08 13:58:57] No valid data extracted, skipping update for info@techedubyte.com
[2025-06-08 13:58:57] === DEBUG EMAIL SEARCH for: info@techedubyte.com ===
[2025-06-08 13:58:57] Extracted emails: ['info@techedubyte.com']
[2025-06-08 13:58:57] Normalized email: info@techedubyte.com
[2025-06-08 13:58:57] NOT found in index
[2025-06-08 13:58:57] === END DEBUG EMAIL SEARCH ===
[2025-06-08 13:59:57] === UPDATE ROWS STARTED for email: gtvliveonline@gmail.com ===
[2025-06-08 13:59:57] === PARSING LM STUDIO RESPONSE ===
[2025-06-08 13:59:57] Raw response type: <class 'dict'>
[2025-06-08 13:59:57] Raw response length: 232 characters
[2025-06-08 13:59:57] Raw response preview (first 500 chars): {'Price usd': '150', 'Price usd casino': '300', 'Payment': 'Payoneer, USDT', 'Inform': '', 'Comments': 'General posts are $150. Casino/betting/gambling posts are $300. Payment methods are Payoneer and USDT. PayPal is not accepted.'}
[2025-06-08 13:59:57] === PARSING FAILED ===
[2025-06-08 13:59:57] No valid JSON objects found in response
[2025-06-08 13:59:57] Text content was: {'Price usd': '150', 'Price usd casino': '300', 'Payment': 'Payoneer, USDT', 'Inform': '', 'Comments': 'General posts are $150. Casino/betting/gambling posts are $300. Payment methods are Payoneer and USDT. PayPal is not accepted.'}
[2025-06-08 13:59:57] No valid data extracted, skipping update for gtvliveonline@gmail.com
[2025-06-08 13:59:57] === DEBUG EMAIL SEARCH for: gtvliveonline@gmail.com ===
[2025-06-08 13:59:57] Extracted emails: ['gtvliveonline@gmail.com']
[2025-06-08 13:59:57] Normalized email: gtvliveonline@gmail.com
[2025-06-08 13:59:57] NOT found in index
[2025-06-08 13:59:57] === END DEBUG EMAIL SEARCH ===
[2025-06-08 14:01:53] === UPDATE ROWS STARTED for email: japanfortwoweb@gmail.com ===
[2025-06-08 14:01:53] === PARSING LM STUDIO RESPONSE ===
[2025-06-08 14:01:53] Raw response type: <class 'dict'>
[2025-06-08 14:01:53] Raw response length: 204 characters
[2025-06-08 14:01:53] Raw response preview (first 500 chars): {'Price usd': '230', 'Price usd casino': '', 'Payment': '', 'Inform': 'Casino/Gambling topics are not accepted.', 'Comments': 'Additional Turkish and US/Canada-based domains available for collaboration.'}
[2025-06-08 14:01:53] === PARSING FAILED ===
[2025-06-08 14:01:53] No valid JSON objects found in response
[2025-06-08 14:01:53] Text content was: {'Price usd': '230', 'Price usd casino': '', 'Payment': '', 'Inform': 'Casino/Gambling topics are not accepted.', 'Comments': 'Additional Turkish and US/Canada-based domains available for collaboration.'}
[2025-06-08 14:01:53] No valid data extracted, skipping update for japanfortwoweb@gmail.com
[2025-06-08 14:01:53] === DEBUG EMAIL SEARCH for: japanfortwoweb@gmail.com ===
[2025-06-08 14:01:53] Extracted emails: ['japanfortwoweb@gmail.com']
[2025-06-08 14:01:53] Normalized email: japanfortwoweb@gmail.com
[2025-06-08 14:01:53] NOT found in index
[2025-06-08 14:01:53] === END DEBUG EMAIL SEARCH ===
[2025-06-08 14:02:41] === UPDATE ROWS STARTED for email: highlifengm@gmail.com ===
[2025-06-08 14:02:41] === PARSING LM STUDIO RESPONSE ===
[2025-06-08 14:02:41] Raw response type: <class 'dict'>
[2025-06-08 14:02:41] Raw response length: 189 characters
[2025-06-08 14:02:41] Raw response preview (first 500 chars): {'Price usd': '300', 'Price usd casino': '250', 'Payment': 'Usdt', 'Inform': 'All payments must be confirmed prior to publication, as we do not accommodate payment delays.', 'Comments': ''}
[2025-06-08 14:02:41] === PARSING FAILED ===
[2025-06-08 14:02:41] No valid JSON objects found in response
[2025-06-08 14:02:41] Text content was: {'Price usd': '300', 'Price usd casino': '250', 'Payment': 'Usdt', 'Inform': 'All payments must be confirmed prior to publication, as we do not accommodate payment delays.', 'Comments': ''}
[2025-06-08 14:02:41] No valid data extracted, skipping update for highlifengm@gmail.com
[2025-06-08 14:02:41] === DEBUG EMAIL SEARCH for: highlifengm@gmail.com ===
[2025-06-08 14:02:41] Extracted emails: ['highlifengm@gmail.com']
[2025-06-08 14:02:41] Normalized email: highlifengm@gmail.com
[2025-06-08 14:02:41] NOT found in index
[2025-06-08 14:02:41] === END DEBUG EMAIL SEARCH ===
[2025-06-08 14:03:53] === UPDATE ROWS STARTED for email: blogstroveinfo@gmail.com ===
[2025-06-08 14:03:53] === PARSING LM STUDIO RESPONSE ===
[2025-06-08 14:03:53] Raw response type: <class 'dict'>
[2025-06-08 14:03:53] Raw response length: 166 characters
[2025-06-08 14:03:53] Raw response preview (first 500 chars): {'Price usd': '', 'Price usd casino': '', 'Payment': '', 'Inform': 'My website has over 80k monthly visitors mainly from the USA, the UK and Canada.', 'Comments': ''}
[2025-06-08 14:03:53] === PARSING FAILED ===
[2025-06-08 14:03:53] No valid JSON objects found in response
[2025-06-08 14:03:53] Text content was: {'Price usd': '', 'Price usd casino': '', 'Payment': '', 'Inform': 'My website has over 80k monthly visitors mainly from the USA, the UK and Canada.', 'Comments': ''}
[2025-06-08 14:03:53] No valid data extracted, skipping update for blogstroveinfo@gmail.com
[2025-06-08 14:03:53] === DEBUG EMAIL SEARCH for: blogstroveinfo@gmail.com ===
[2025-06-08 14:03:53] Extracted emails: ['blogstroveinfo@gmail.com']
[2025-06-08 14:03:53] Normalized email: blogstroveinfo@gmail.com
[2025-06-08 14:03:53] NOT found in index
[2025-06-08 14:03:53] === END DEBUG EMAIL SEARCH ===
[2025-06-08 14:04:13] Backup Excel created: Mail_USD_backup_20250608_140413.xlsx
